<?xml version="1.0" encoding="UTF-8"?>
<!-- Generated by org.testng.reporters.JUnitReportReporter -->
<testsuite hostname="DESKTOP-G5G2631" failures="0" tests="2" name="com.example.tests.LoginTest" time="10.724" errors="0" timestamp="2025-09-14T22:33:38 CEST" skipped="0">
  <testcase classname="com.example.tests.LoginTest" name="validLogin" time="2.353"/>
  <testcase classname="com.example.tests.LoginTest" name="invalidLogin" time="8.371"/>
</testsuite> <!-- com.example.tests.LoginTest -->
